<?xml version="1.0" encoding="UTF-8"?>
<!-- Generated by org.testng.reporters.JUnitReportReporter -->
<testsuite hostname="TJ-PC" name="Automation.FirstTestCase" tests="1" failures="0" timestamp="16 Aug 2019 21:14:29 GMT" time="26.348" errors="0">
  <testcase name="testFb" time="26.348" classname="Automation.FirstTestCase"/>
</testsuite> <!-- Automation.FirstTestCase -->
